<?xml version="1.0" encoding="UTF-8"?>
<testng-results ignored="0" total="7" passed="1" failed="6" skipped="0">
  <reporter-output>
  </reporter-output>
  <suite started-at="2025-07-01T21:32:22 IST" name="Suite" finished-at="2025-07-01T21:32:33 IST" duration-ms="11195">
    <groups>
      <group name="cucumber">
        <method signature="AbstractTestNGCucumberTests.runScenario(io.cucumber.testng.PickleWrapper,io.cucumber.testng.FeatureWrapper)[pri:0, instance:com.orangehrm.crm.application.runner.ApplicationTestRunner@13b6aecc]" name="runScenario" class="io.cucumber.testng.AbstractTestNGCucumberTests"/>
      </group> <!-- cucumber -->
    </groups>
    <test started-at="2025-07-01T21:32:22 IST" name="Test" finished-at="2025-07-01T21:32:33 IST" duration-ms="11195">
      <class name="com.orangehrm.crm.application.runner.ApplicationTestRunner">
        <test-method is-config="true" signature="setUpClass(org.testng.ITestContext)[pri:0, instance:com.orangehrm.crm.application.runner.ApplicationTestRunner@13b6aecc]" started-at="2025-07-01T21:32:22 IST" name="setUpClass" finished-at="2025-07-01T21:32:23 IST" duration-ms="1186" status="PASS">
          <params>
            <param index="0">
              <value>
                <![CDATA[org.testng.TestRunner@6b52dd31]]>
              </value>
            </param>
          </params>
          <reporter-output>
          </reporter-output>
        </test-method> <!-- setUpClass -->
        <test-method signature="runApplicationTests()[pri:0, instance:com.orangehrm.crm.application.runner.ApplicationTestRunner@13b6aecc]" started-at="2025-07-01T21:32:23 IST" name="runApplicationTests" finished-at="2025-07-01T21:32:23 IST" duration-ms="13" status="PASS">
          <reporter-output>
          </reporter-output>
        </test-method> <!-- runApplicationTests -->
        <test-method signature="runScenario(io.cucumber.testng.PickleWrapper,io.cucumber.testng.FeatureWrapper)[pri:0, instance:com.orangehrm.crm.application.runner.ApplicationTestRunner@13b6aecc]" started-at="2025-07-01T21:32:23 IST" name="runScenario" description="Runs Cucumber Scenarios" data-provider="scenarios" finished-at="2025-07-01T21:32:23 IST" duration-ms="96" status="FAIL">
          <params>
            <param index="0">
              <value>
                <![CDATA["Verify Login Page Logo and Login Page Header"]]>
              </value>
            </param>
            <param index="1">
              <value>
                <![CDATA["User Authentication and Home Page Functionalities"]]>
              </value>
            </param>
          </params>
          <exception class="io.cucumber.core.runner.DuplicateStepDefinitionException">
            <message>
              <![CDATA[Duplicate step definitions in com.orangehrm.crm.application.stepDefinitions.PageInitializer.initializePages() and com.orangehrm.crm.application.stepDefinitions.StepDefinitions.initializePages()]]>
            </message>
            <full-stacktrace>
              <![CDATA[io.cucumber.core.runner.DuplicateStepDefinitionException: Duplicate step definitions in com.orangehrm.crm.application.stepDefinitions.PageInitializer.initializePages() and com.orangehrm.crm.application.stepDefinitions.StepDefinitions.initializePages()
at io.cucumber.core.runner.CachingGlue.lambda$prepareGlue$3(CachingGlue.java:313)
at java.base/java.util.ArrayList.forEach(ArrayList.java:1596)
at io.cucumber.core.runner.CachingGlue.prepareGlue(CachingGlue.java:307)
at io.cucumber.core.runner.Runner.runPickle(Runner.java:73)
at io.cucumber.testng.TestNGCucumberRunner.lambda$runScenario$1(TestNGCucumberRunner.java:135)
at io.cucumber.core.runtime.CucumberExecutionContext.lambda$runTestCase$5(CucumberExecutionContext.java:136)
at io.cucumber.core.runtime.RethrowingThrowableCollector.executeAndThrow(RethrowingThrowableCollector.java:23)
at io.cucumber.core.runtime.CucumberExecutionContext.runTestCase(CucumberExecutionContext.java:136)
at io.cucumber.testng.TestNGCucumberRunner.runScenario(TestNGCucumberRunner.java:132)
at io.cucumber.testng.AbstractTestNGCucumberTests.runScenario(AbstractTestNGCucumberTests.java:35)
at java.base/jdk.internal.reflect.DirectMethodHandleAccessor.invoke(DirectMethodHandleAccessor.java:103)
at java.base/java.lang.reflect.Method.invoke(Method.java:580)
at org.testng.internal.invokers.MethodInvocationHelper.invokeMethod(MethodInvocationHelper.java:141)
at org.testng.internal.invokers.TestInvoker.invokeMethod(TestInvoker.java:687)
at org.testng.internal.invokers.TestInvoker.invokeTestMethod(TestInvoker.java:230)
at org.testng.internal.invokers.MethodRunner.runInSequence(MethodRunner.java:63)
at org.testng.internal.invokers.TestInvoker$MethodInvocationAgent.invoke(TestInvoker.java:995)
at org.testng.internal.invokers.TestInvoker.invokeTestMethods(TestInvoker.java:203)
at org.testng.internal.invokers.TestMethodWorker.invokeTestMethods(TestMethodWorker.java:154)
at org.testng.internal.invokers.TestMethodWorker.run(TestMethodWorker.java:134)
at java.base/java.util.ArrayList.forEach(ArrayList.java:1596)
at org.testng.TestRunner.privateRun(TestRunner.java:741)
at org.testng.TestRunner.run(TestRunner.java:616)
at org.testng.SuiteRunner.runTest(SuiteRunner.java:421)
at org.testng.SuiteRunner.runSequentially(SuiteRunner.java:413)
at org.testng.SuiteRunner.privateRun(SuiteRunner.java:373)
at org.testng.SuiteRunner.run(SuiteRunner.java:312)
at org.testng.SuiteRunnerWorker.runSuite(SuiteRunnerWorker.java:52)
at org.testng.SuiteRunnerWorker.run(SuiteRunnerWorker.java:95)
at org.testng.TestNG.runSuitesSequentially(TestNG.java:1274)
at org.testng.TestNG.runSuitesLocally(TestNG.java:1208)
at org.testng.TestNG.runSuites(TestNG.java:1112)
at org.testng.TestNG.run(TestNG.java:1079)
at org.testng.remote.AbstractRemoteTestNG.run(AbstractRemoteTestNG.java:115)
at org.testng.remote.RemoteTestNG.initAndRun(RemoteTestNG.java:293)
at org.testng.remote.RemoteTestNG.main(RemoteTestNG.java:91)
]]>
            </full-stacktrace>
          </exception> <!-- io.cucumber.core.runner.DuplicateStepDefinitionException -->
          <reporter-output>
          </reporter-output>
        </test-method> <!-- runScenario -->
        <test-method signature="runScenario(io.cucumber.testng.PickleWrapper,io.cucumber.testng.FeatureWrapper)[pri:0, instance:com.orangehrm.crm.application.runner.ApplicationTestRunner@13b6aecc]" started-at="2025-07-01T21:32:23 IST" name="runScenario" description="Runs Cucumber Scenarios" data-provider="scenarios" finished-at="2025-07-01T21:32:26 IST" duration-ms="2692" status="FAIL">
          <params>
            <param index="0">
              <value>
                <![CDATA["Verify Application Login With Valid Credentials"]]>
              </value>
            </param>
            <param index="1">
              <value>
                <![CDATA["User Authentication and Home Page Functionalities"]]>
              </value>
            </param>
          </params>
          <exception class="java.lang.NullPointerException">
            <message>
              <![CDATA[Cannot invoke "com.orangehrm.crm.application.steps.LoginPageSteps.launchApplication()" because "this.loginPage" is null]]>
            </message>
            <full-stacktrace>
              <![CDATA[java.lang.NullPointerException: Cannot invoke "com.orangehrm.crm.application.steps.LoginPageSteps.launchApplication()" because "this.loginPage" is null
at com.orangehrm.crm.application.stepDefinitions.StepDefinitions.launch_the_application(StepDefinitions.java:36)
at ✽.Launch the application(file:///C:/Training/Mar_2025_930PM/AutomationTraining/OrangeHRMCucumberFramework/Features/ApplicationTest.feature:20)
]]>
            </full-stacktrace>
          </exception> <!-- java.lang.NullPointerException -->
          <reporter-output>
          </reporter-output>
        </test-method> <!-- runScenario -->
        <test-method signature="runScenario(io.cucumber.testng.PickleWrapper,io.cucumber.testng.FeatureWrapper)[pri:0, instance:com.orangehrm.crm.application.runner.ApplicationTestRunner@13b6aecc]" started-at="2025-07-01T21:32:26 IST" name="runScenario" description="Runs Cucumber Scenarios" data-provider="scenarios" finished-at="2025-07-01T21:32:28 IST" duration-ms="1906" status="FAIL">
          <params>
            <param index="0">
              <value>
                <![CDATA["Verify Application Login With Invalid Credentials"]]>
              </value>
            </param>
            <param index="1">
              <value>
                <![CDATA["User Authentication and Home Page Functionalities"]]>
              </value>
            </param>
          </params>
          <exception class="java.lang.NullPointerException">
            <message>
              <![CDATA[Cannot invoke "com.orangehrm.crm.application.steps.LoginPageSteps.launchApplication()" because "this.loginPage" is null]]>
            </message>
            <full-stacktrace>
              <![CDATA[java.lang.NullPointerException: Cannot invoke "com.orangehrm.crm.application.steps.LoginPageSteps.launchApplication()" because "this.loginPage" is null
at com.orangehrm.crm.application.stepDefinitions.StepDefinitions.launch_the_application(StepDefinitions.java:36)
at ✽.Launch the application(file:///C:/Training/Mar_2025_930PM/AutomationTraining/OrangeHRMCucumberFramework/Features/ApplicationTest.feature:20)
]]>
            </full-stacktrace>
          </exception> <!-- java.lang.NullPointerException -->
          <reporter-output>
          </reporter-output>
        </test-method> <!-- runScenario -->
        <test-method signature="runScenario(io.cucumber.testng.PickleWrapper,io.cucumber.testng.FeatureWrapper)[pri:0, instance:com.orangehrm.crm.application.runner.ApplicationTestRunner@13b6aecc]" started-at="2025-07-01T21:32:28 IST" name="runScenario" description="Runs Cucumber Scenarios" data-provider="scenarios" finished-at="2025-07-01T21:32:30 IST" duration-ms="1658" status="FAIL">
          <params>
            <param index="0">
              <value>
                <![CDATA["Verify Forgot Login Feature"]]>
              </value>
            </param>
            <param index="1">
              <value>
                <![CDATA["User Authentication and Home Page Functionalities"]]>
              </value>
            </param>
          </params>
          <exception class="java.lang.NullPointerException">
            <message>
              <![CDATA[Cannot invoke "com.orangehrm.crm.application.steps.LoginPageSteps.launchApplication()" because "this.loginPage" is null]]>
            </message>
            <full-stacktrace>
              <![CDATA[java.lang.NullPointerException: Cannot invoke "com.orangehrm.crm.application.steps.LoginPageSteps.launchApplication()" because "this.loginPage" is null
at com.orangehrm.crm.application.stepDefinitions.StepDefinitions.launch_the_application(StepDefinitions.java:36)
at ✽.Launch the application(file:///C:/Training/Mar_2025_930PM/AutomationTraining/OrangeHRMCucumberFramework/Features/ApplicationTest.feature:32)
]]>
            </full-stacktrace>
          </exception> <!-- java.lang.NullPointerException -->
          <reporter-output>
          </reporter-output>
        </test-method> <!-- runScenario -->
        <test-method signature="runScenario(io.cucumber.testng.PickleWrapper,io.cucumber.testng.FeatureWrapper)[pri:0, instance:com.orangehrm.crm.application.runner.ApplicationTestRunner@13b6aecc]" started-at="2025-07-01T21:32:30 IST" name="runScenario" description="Runs Cucumber Scenarios" data-provider="scenarios" finished-at="2025-07-01T21:32:31 IST" duration-ms="1773" status="FAIL">
          <params>
            <param index="0">
              <value>
                <![CDATA["Verify the presence of the user profile image on the home page"]]>
              </value>
            </param>
            <param index="1">
              <value>
                <![CDATA["User Authentication and Home Page Functionalities"]]>
              </value>
            </param>
          </params>
          <exception class="java.lang.NullPointerException">
            <message>
              <![CDATA[Cannot invoke "com.orangehrm.crm.application.steps.LoginPageSteps.launchApplication()" because "this.loginPage" is null]]>
            </message>
            <full-stacktrace>
              <![CDATA[java.lang.NullPointerException: Cannot invoke "com.orangehrm.crm.application.steps.LoginPageSteps.launchApplication()" because "this.loginPage" is null
at com.orangehrm.crm.application.stepDefinitions.StepDefinitions.launch_the_application(StepDefinitions.java:36)
at ✽.Launch the application(file:///C:/Training/Mar_2025_930PM/AutomationTraining/OrangeHRMCucumberFramework/Features/ApplicationTest.feature:41)
]]>
            </full-stacktrace>
          </exception> <!-- java.lang.NullPointerException -->
          <reporter-output>
          </reporter-output>
        </test-method> <!-- runScenario -->
        <test-method signature="runScenario(io.cucumber.testng.PickleWrapper,io.cucumber.testng.FeatureWrapper)[pri:0, instance:com.orangehrm.crm.application.runner.ApplicationTestRunner@13b6aecc]" started-at="2025-07-01T21:32:31 IST" name="runScenario" description="Runs Cucumber Scenarios" data-provider="scenarios" finished-at="2025-07-01T21:32:33 IST" duration-ms="1742" status="FAIL">
          <params>
            <param index="0">
              <value>
                <![CDATA["Verify Home Page Menus"]]>
              </value>
            </param>
            <param index="1">
              <value>
                <![CDATA["User Authentication and Home Page Functionalities"]]>
              </value>
            </param>
          </params>
          <exception class="java.lang.NullPointerException">
            <message>
              <![CDATA[Cannot invoke "com.orangehrm.crm.application.steps.LoginPageSteps.launchApplication()" because "this.loginPage" is null]]>
            </message>
            <full-stacktrace>
              <![CDATA[java.lang.NullPointerException: Cannot invoke "com.orangehrm.crm.application.steps.LoginPageSteps.launchApplication()" because "this.loginPage" is null
at com.orangehrm.crm.application.stepDefinitions.StepDefinitions.launch_the_application(StepDefinitions.java:36)
at ✽.Launch the application(file:///C:/Training/Mar_2025_930PM/AutomationTraining/OrangeHRMCucumberFramework/Features/ApplicationTest.feature:53)
]]>
            </full-stacktrace>
          </exception> <!-- java.lang.NullPointerException -->
          <reporter-output>
          </reporter-output>
        </test-method> <!-- runScenario -->
        <test-method is-config="true" signature="tearDownClass()[pri:0, instance:com.orangehrm.crm.application.runner.ApplicationTestRunner@13b6aecc]" started-at="2025-07-01T21:32:33 IST" name="tearDownClass" finished-at="2025-07-01T21:32:33 IST" duration-ms="22" status="PASS">
          <reporter-output>
          </reporter-output>
        </test-method> <!-- tearDownClass -->
      </class> <!-- com.orangehrm.crm.application.runner.ApplicationTestRunner -->
    </test> <!-- Test -->
  </suite> <!-- Suite -->
</testng-results>
