<?xml version="1.0" encoding="UTF-8"?>
<!-- Generated by org.testng.reporters.JUnitReportReporter -->
<testsuite hostname="Bharath" failures="0" tests="7" name="com.orangehrm.crm.application.runner.ApplicationTestRunner" time="50.116" errors="1" timestamp="2025-06-18T22:54:46 IST" skipped="0">
  <testcase classname="com.orangehrm.crm.application.runner.ApplicationTestRunner" name="runScenario" time="7.086"/>
  <testcase classname="com.orangehrm.crm.application.runner.ApplicationTestRunner" name="runScenario" time="8.740">
    <error message="invalid element state
  (Session info: chrome=137.0.7151.104)
Build info: version: &#039;4.32.0&#039;, revision: &#039;d17c8aa950&#039;
System info: os.name: &#039;Windows 11&#039;, os.arch: &#039;amd64&#039;, os.version: &#039;10.0&#039;, java.version: &#039;21.0.5&#039;
Driver info: org.openqa.selenium.chrome.ChromeDriver
Command: [1a34253fa04e2e877a1c1b244daf0256, clearElement {id=f.2ED438DA3A2BEA16505BD4705FB26B14.d.1C60436FE86BA80DA3AAE8499F9A712E.e.30}]
Capabilities {acceptInsecureCerts: false, browserName: chrome, browserVersion: 137.0.7151.104, chrome: {chromedriverVersion: 137.0.7151.119 (e0ac9d12dff..., userDataDir: C:\Users\india\AppData\Loca...}, fedcm:accounts: true, goog:chromeOptions: {debuggerAddress: localhost:64005}, networkConnectionEnabled: false, pageLoadStrategy: normal, platformName: windows, proxy: Proxy(), se:cdp: ws://localhost:64005/devtoo..., se:cdpVersion: 137.0.7151.104, setWindowRect: true, strictFileInteractability: false, timeouts: {implicit: 0, pageLoad: 300000, script: 30000}, unhandledPromptBehavior: dismiss and notify, webauthn:extension:credBlob: true, webauthn:extension:largeBlob: true, webauthn:extension:minPinLength: true, webauthn:extension:prf: true, webauthn:virtualAuthenticators: true}
Element: [[ChromeDriver: chrome on windows (1a34253fa04e2e877a1c1b244daf0256)] -&gt; xpath: //h6[text()=&#039;Reset Password&#039;]]
Session ID: 1a34253fa04e2e877a1c1b244daf0256" type="org.openqa.selenium.InvalidElementStateException">
      <![CDATA[org.openqa.selenium.InvalidElementStateException: invalid element state
  (Session info: chrome=137.0.7151.104)
Build info: version: '4.32.0', revision: 'd17c8aa950'
System info: os.name: 'Windows 11', os.arch: 'amd64', os.version: '10.0', java.version: '21.0.5'
Driver info: org.openqa.selenium.chrome.ChromeDriver
Command: [1a34253fa04e2e877a1c1b244daf0256, clearElement {id=f.2ED438DA3A2BEA16505BD4705FB26B14.d.1C60436FE86BA80DA3AAE8499F9A712E.e.30}]
Capabilities {acceptInsecureCerts: false, browserName: chrome, browserVersion: 137.0.7151.104, chrome: {chromedriverVersion: 137.0.7151.119 (e0ac9d12dff..., userDataDir: C:\Users\india\AppData\Loca...}, fedcm:accounts: true, goog:chromeOptions: {debuggerAddress: localhost:64005}, networkConnectionEnabled: false, pageLoadStrategy: normal, platformName: windows, proxy: Proxy(), se:cdp: ws://localhost:64005/devtoo..., se:cdpVersion: 137.0.7151.104, setWindowRect: true, strictFileInteractability: false, timeouts: {implicit: 0, pageLoad: 300000, script: 30000}, unhandledPromptBehavior: dismiss and notify, webauthn:extension:credBlob: true, webauthn:extension:largeBlob: true, webauthn:extension:minPinLength: true, webauthn:extension:prf: true, webauthn:virtualAuthenticators: true}
Element: [[ChromeDriver: chrome on windows (1a34253fa04e2e877a1c1b244daf0256)] -> xpath: //h6[text()='Reset Password']]
Session ID: 1a34253fa04e2e877a1c1b244daf0256
at java.base/jdk.internal.reflect.DirectConstructorHandleAccessor.newInstance(DirectConstructorHandleAccessor.java:62)
at java.base/java.lang.reflect.Constructor.newInstanceWithCaller(Constructor.java:502)
at java.base/java.lang.reflect.Constructor.newInstance(Constructor.java:486)
at org.openqa.selenium.remote.ErrorCodec.decode(ErrorCodec.java:167)
at org.openqa.selenium.remote.codec.w3c.W3CHttpResponseCodec.decode(W3CHttpResponseCodec.java:138)
at org.openqa.selenium.remote.codec.w3c.W3CHttpResponseCodec.decode(W3CHttpResponseCodec.java:50)
at org.openqa.selenium.remote.HttpCommandExecutor.execute(HttpCommandExecutor.java:215)
at org.openqa.selenium.remote.service.DriverCommandExecutor.invokeExecute(DriverCommandExecutor.java:216)
at org.openqa.selenium.remote.service.DriverCommandExecutor.execute(DriverCommandExecutor.java:174)
at org.openqa.selenium.remote.RemoteWebDriver.execute(RemoteWebDriver.java:545)
at org.openqa.selenium.remote.RemoteWebElement.execute(RemoteWebElement.java:223)
at org.openqa.selenium.remote.RemoteWebElement.clear(RemoteWebElement.java:129)
at java.base/jdk.internal.reflect.DirectMethodHandleAccessor.invoke(DirectMethodHandleAccessor.java:103)
at java.base/java.lang.reflect.Method.invoke(Method.java:580)
at org.openqa.selenium.support.pagefactory.internal.LocatingElementHandler.invoke(LocatingElementHandler.java:51)
at jdk.proxy2/jdk.proxy2.$Proxy24.clear(Unknown Source)
at com.orangehrm.crm.framework.web.commons.WebCommons.enterText(WebCommons.java:102)
at com.orangehrm.crm.application.steps.ForgotLoginSteps.enterUsernameTorestThePassword(ForgotLoginSteps.java:59)
at com.orangehrm.crm.application.stepDefinitions.StepDefinitions.enterUsernameToResetPass(StepDefinitions.java:80)
at âœ½.User enter the username as "Admin" to reset the password(file:///C:/Training/Mar_2025_930PM/AutomationTraining/OrangeHRMCucumberFramework/Features/ApplicationTest.feature:35)
]]>
    </error>
  </testcase> <!-- runScenario -->
  <testcase classname="com.orangehrm.crm.application.runner.ApplicationTestRunner" name="runScenario" time="7.828"/>
  <testcase classname="com.orangehrm.crm.application.runner.ApplicationTestRunner" name="runScenario" time="9.107"/>
  <testcase classname="com.orangehrm.crm.application.runner.ApplicationTestRunner" name="runApplicationTests" time="0.016"/>
  <testcase classname="com.orangehrm.crm.application.runner.ApplicationTestRunner" name="runScenario" time="6.429"/>
  <testcase classname="com.orangehrm.crm.application.runner.ApplicationTestRunner" name="runScenario" time="10.910"/>
</testsuite> <!-- com.orangehrm.crm.application.runner.ApplicationTestRunner -->
